UpdateCTestConfiguration  from :/home/marhcouto/Documents/training/build/experiment1/CTestConfiguration.ini
Parse Config file:/home/marhcouto/Documents/training/build/experiment1/CTestConfiguration.ini
   Site: marhcouto-VirtualBox
   Build name: (empty)
 Add coverage exclude regular expressions.
SetCTestConfiguration:CMakeCommand:/usr/bin/cmake
Create new tag: 20230129-1917 - Experimental
UpdateCTestConfiguration  from :/home/marhcouto/Documents/training/build/experiment1/CTestConfiguration.ini
Parse Config file:/home/marhcouto/Documents/training/build/experiment1/CTestConfiguration.ini
Test project /home/marhcouto/Documents/training/build/experiment1
Constructing a list of tests
Done constructing a list of tests
Updating test list for fixtures
Added 0 tests to meet fixture requirements
Checking test dependency graph...
Checking test dependency graph end
test 1
    Start 1: experiment1_test

1: Test command: /usr/bin/python3 "-u" "/opt/ros/galactic/share/ament_cmake_test/cmake/run_test.py" "/home/marhcouto/Documents/training/build/experiment1/test_results/experiment1/experiment1_test.gtest.xml" "--package-name" "experiment1" "--output-file" "/home/marhcouto/Documents/training/build/experiment1/ament_cmake_gtest/experiment1_test.txt" "--command" "/home/marhcouto/Documents/training/build/experiment1/experiment1_test" "--gtest_output=xml:/home/marhcouto/Documents/training/build/experiment1/test_results/experiment1/experiment1_test.gtest.xml"
1: Test timeout computed to be: 60
1: -- run_test.py: invoking following command in '/home/marhcouto/Documents/training/build/experiment1':
1:  - /home/marhcouto/Documents/training/build/experiment1/experiment1_test --gtest_output=xml:/home/marhcouto/Documents/training/build/experiment1/test_results/experiment1/experiment1_test.gtest.xml
1: [==========] Running 1 test from 1 test suite.
1: [----------] Global test environment set-up.
1: [----------] 1 test from DEMO_TEST_SUITE
1: [ RUN      ] DEMO_TEST_SUITE.TEST_CAR
1: /home/marhcouto/Documents/training/experiment1/test/car_test.cpp:4: Failure
1: Value of: false
1:   Actual: false
1: Expected: true
1: [  FAILED  ] DEMO_TEST_SUITE.TEST_CAR (0 ms)
1: [----------] 1 test from DEMO_TEST_SUITE (0 ms total)
1: 
1: [----------] Global test environment tear-down
1: [==========] 1 test from 1 test suite ran. (0 ms total)
1: [  PASSED  ] 0 tests.
1: [  FAILED  ] 1 test, listed below:
1: [  FAILED  ] DEMO_TEST_SUITE.TEST_CAR
1: 
1:  1 FAILED TEST
1: -- run_test.py: return code 1
1: -- run_test.py: inject classname prefix into gtest result file '/home/marhcouto/Documents/training/build/experiment1/test_results/experiment1/experiment1_test.gtest.xml'
1: -- run_test.py: verify result file '/home/marhcouto/Documents/training/build/experiment1/test_results/experiment1/experiment1_test.gtest.xml'
1/1 Test #1: experiment1_test .................***Failed    0.12 sec

0% tests passed[0;0m, [0;31m1 tests failed[0;0m out of 1

Label Time Summary:
gtest    =   0.12 sec*proc (1 test)

Total Test time (real) =   0.12 sec

The following tests FAILED:
	[0;31m  1 - experiment1_test (Failed)[0;0m
