[0.050s] Invoking command in '/home/marhcouto/Documents/training/build/experiment1': CMAKE_PREFIX_PATH=/opt/ros/galactic /usr/bin/cmake --build /home/marhcouto/Documents/training/build/experiment1 -- -j4 -l4
[0.082s] -- Found ament_cmake: 1.1.6 (/opt/ros/galactic/share/ament_cmake/cmake)
[0.114s] -- Using PYTHON_EXECUTABLE: /usr/bin/python3
[0.222s] -- Found ament_lint_auto: 0.10.7 (/opt/ros/galactic/share/ament_lint_auto/cmake)
[0.309s] -- Added test 'copyright' to check source files copyright and LICENSE
[0.312s] -- Added test 'cppcheck' to perform static code analysis on C / C++ code
[0.313s] -- Configured cppcheck include dirs: $<BUILD_INTERFACE:/home/marhcouto/Documents/training/experiment1/include>
[0.313s] -- Configured cppcheck exclude dirs and/or files: 
[0.315s] -- Added test 'cpplint' to check C / C++ code against the Google style
[0.315s] -- Configured cpplint exclude dirs and/or files: 
[0.316s] -- Added test 'lint_cmake' to check CMake code style
[0.319s] -- Added test 'uncrustify' to check C / C++ code style
[0.319s] -- Configured uncrustify additional arguments: 
[0.319s] -- Added test 'xmllint' to check XML markup files
[0.321s] -- Configuring done
[0.330s] -- Generating done
[0.332s] -- Build files have been written to: /home/marhcouto/Documents/training/build/experiment1
[0.368s] [35m[1mScanning dependencies of target node1[0m
[0.369s] [35m[1mScanning dependencies of target experiment1[0m
[0.383s] [ 25%] [32mBuilding CXX object CMakeFiles/node1.dir/src/node1.cpp.o[0m
[0.391s] [ 50%] [32mBuilding CXX object CMakeFiles/experiment1.dir/src/Car.cpp.o[0m
[0.428s] [ 75%] [32m[1mLinking CXX executable node1[0m
[0.451s] [01m[K/home/marhcouto/Documents/training/experiment1/src/Car.cpp:3:10:[m[K [01;31m[Kfatal error: [m[KCar.h: No such file or directory
[0.451s]     3 | #include [01;31m[K"Car.h"[m[K
[0.452s]       |          [01;31m[K^~~~~~~[m[K
[0.452s] compilation terminated.
[0.453s] make[2]: *** [CMakeFiles/experiment1.dir/build.make:63: CMakeFiles/experiment1.dir/src/Car.cpp.o] Error 1
[0.453s] make[1]: *** [CMakeFiles/Makefile2:80: CMakeFiles/experiment1.dir/all] Error 2
[0.454s] make[1]: *** Waiting for unfinished jobs....
[0.566s] /usr/bin/ld: CMakeFiles/node1.dir/src/node1.cpp.o: in function `main':
[0.566s] node1.cpp:(.text+0x41): undefined reference to `Car::Car(int, int)'
[0.567s] /usr/bin/ld: node1.cpp:(.text+0x4d): undefined reference to `Car::use_horn()'
[0.567s] /usr/bin/ld: node1.cpp:(.text+0x5e): undefined reference to `Car::~Car()'
[0.567s] /usr/bin/ld: node1.cpp:(.text+0x84): undefined reference to `Car::~Car()'
[0.567s] collect2: error: ld returned 1 exit status
[0.569s] make[2]: *** [CMakeFiles/node1.dir/build.make:84: node1] Error 1
[0.569s] make[1]: *** [CMakeFiles/Makefile2:107: CMakeFiles/node1.dir/all] Error 2
[0.569s] make: *** [Makefile:141: all] Error 2
[0.573s] Invoked command in '/home/marhcouto/Documents/training/build/experiment1' returned '2': CMAKE_PREFIX_PATH=/opt/ros/galactic /usr/bin/cmake --build /home/marhcouto/Documents/training/build/experiment1 -- -j4 -l4
