[0.055s] Invoking command in '/home/marhcouto/Documents/training/build/experiment1': /usr/bin/ctest -C Release -D ExperimentalTest --no-compress-output -V --force-new-ctest-process
[0.069s] UpdateCTestConfiguration  from :/home/marhcouto/Documents/training/build/experiment1/CTestConfiguration.ini
[0.069s] Parse Config file:/home/marhcouto/Documents/training/build/experiment1/CTestConfiguration.ini
[0.070s]    Site: marhcouto-VirtualBox
[0.070s]    Build name: (empty)
[0.070s]  Add coverage exclude regular expressions.
[0.071s] SetCTestConfiguration:CMakeCommand:/usr/bin/cmake
[0.071s] Create new tag: 20230129-1918 - Experimental
[0.072s] UpdateCTestConfiguration  from :/home/marhcouto/Documents/training/build/experiment1/CTestConfiguration.ini
[0.072s] Parse Config file:/home/marhcouto/Documents/training/build/experiment1/CTestConfiguration.ini
[0.072s] Test project /home/marhcouto/Documents/training/build/experiment1
[0.073s] Constructing a list of tests
[0.073s] Done constructing a list of tests
[0.074s] Updating test list for fixtures
[0.074s] Added 0 tests to meet fixture requirements
[0.075s] Checking test dependency graph...
[0.075s] Checking test dependency graph end
[0.075s] test 1
[0.076s]     Start 1: experiment1_test
[0.076s] 
[0.076s] 1: Test command: /usr/bin/python3 "-u" "/opt/ros/galactic/share/ament_cmake_test/cmake/run_test.py" "/home/marhcouto/Documents/training/build/experiment1/test_results/experiment1/experiment1_test.gtest.xml" "--package-name" "experiment1" "--output-file" "/home/marhcouto/Documents/training/build/experiment1/ament_cmake_gtest/experiment1_test.txt" "--command" "/home/marhcouto/Documents/training/build/experiment1/experiment1_test" "--gtest_output=xml:/home/marhcouto/Documents/training/build/experiment1/test_results/experiment1/experiment1_test.gtest.xml"
[0.077s] 1: Test timeout computed to be: 60
[0.189s] 1: -- run_test.py: invoking following command in '/home/marhcouto/Documents/training/build/experiment1':
[0.190s] 1:  - /home/marhcouto/Documents/training/build/experiment1/experiment1_test --gtest_output=xml:/home/marhcouto/Documents/training/build/experiment1/test_results/experiment1/experiment1_test.gtest.xml
[0.208s] 1: [==========] Running 1 test from 1 test suite.
[0.209s] 1: [----------] Global test environment set-up.
[0.210s] 1: [----------] 1 test from DEMO_TEST_SUITE
[0.210s] 1: [ RUN      ] DEMO_TEST_SUITE.TEST_CAR
[0.211s] 1: /home/marhcouto/Documents/training/experiment1/test/car_test.cpp:4: Failure
[0.211s] 1: Value of: false
[0.212s] 1:   Actual: false
[0.213s] 1: Expected: true
[0.214s] 1: [  FAILED  ] DEMO_TEST_SUITE.TEST_CAR (0 ms)
[0.214s] 1: [----------] 1 test from DEMO_TEST_SUITE (0 ms total)
[0.215s] 1: 
[0.216s] 1: [----------] Global test environment tear-down
[0.216s] 1: [==========] 1 test from 1 test suite ran. (0 ms total)
[0.217s] 1: [  PASSED  ] 0 tests.
[0.219s] 1: [  FAILED  ] 1 test, listed below:
[0.221s] 1: [  FAILED  ] DEMO_TEST_SUITE.TEST_CAR
[0.222s] 1: 
[0.226s] 1:  1 FAILED TEST
[0.227s] 1: -- run_test.py: return code 1
[0.228s] 1: -- run_test.py: inject classname prefix into gtest result file '/home/marhcouto/Documents/training/build/experiment1/test_results/experiment1/experiment1_test.gtest.xml'
[0.229s] 1: -- run_test.py: verify result file '/home/marhcouto/Documents/training/build/experiment1/test_results/experiment1/experiment1_test.gtest.xml'
[0.233s] 1/1 Test #1: experiment1_test .................***Failed    0.16 sec
[0.234s] 
[0.234s] 0% tests passed[0;0m, [0;31m1 tests failed[0;0m out of 1
[0.234s] 
[0.235s] Label Time Summary:
[0.235s] gtest    =   0.16 sec*proc (1 test)
[0.236s] 
[0.236s] Total Test time (real) =   0.16 sec
[0.237s] 
[0.237s] The following tests FAILED:
[0.237s] 	[0;31m  1 - experiment1_test (Failed)[0;0m
[0.238s] Errors while running CTest
[0.242s] Invoked command in '/home/marhcouto/Documents/training/build/experiment1' returned '8': /usr/bin/ctest -C Release -D ExperimentalTest --no-compress-output -V --force-new-ctest-process
