[01m[K/home/marhcouto/Documents/training/experiment1/src/node1.cpp:3:10:[m[K [01;31m[Kfatal error: [m[KCar.h: No such file or directory
    3 | #include [01;31m[K"Car.h"[m[K
      |          [01;31m[K^~~~~~~[m[K
compilation terminated.
make[2]: *** [CMakeFiles/node1.dir/build.make:63: CMakeFiles/node1.dir/src/node1.cpp.o] Error 1
make[1]: *** [CMakeFiles/Makefile2:78: CMakeFiles/node1.dir/all] Error 2
make: *** [Makefile:141: all] Error 2
