Start testing: Jan 29 19:17 WET
----------------------------------------------------------
1/1 Testing: experiment1_test
1/1 Test: experiment1_test
Command: "/usr/bin/python3" "-u" "/opt/ros/galactic/share/ament_cmake_test/cmake/run_test.py" "/home/marhcouto/Documents/training/build/experiment1/test_results/experiment1/experiment1_test.gtest.xml" "--package-name" "experiment1" "--output-file" "/home/marhcouto/Documents/training/build/experiment1/ament_cmake_gtest/experiment1_test.txt" "--command" "/home/marhcouto/Documents/training/build/experiment1/experiment1_test" "--gtest_output=xml:/home/marhcouto/Documents/training/build/experiment1/test_results/experiment1/experiment1_test.gtest.xml"
Directory: /home/marhcouto/Documents/training/build/experiment1
"experiment1_test" start time: Jan 29 19:17 WET
Output:
----------------------------------------------------------
-- run_test.py: invoking following command in '/home/marhcouto/Documents/training/build/experiment1':
 - /home/marhcouto/Documents/training/build/experiment1/experiment1_test --gtest_output=xml:/home/marhcouto/Documents/training/build/experiment1/test_results/experiment1/experiment1_test.gtest.xml
[==========] Running 1 test from 1 test suite.
[----------] Global test environment set-up.
[----------] 1 test from DEMO_TEST_SUITE
[ RUN      ] DEMO_TEST_SUITE.TEST_CAR
/home/marhcouto/Documents/training/experiment1/test/car_test.cpp:4: Failure
Value of: false
  Actual: false
Expected: true
[  FAILED  ] DEMO_TEST_SUITE.TEST_CAR (0 ms)
[----------] 1 test from DEMO_TEST_SUITE (0 ms total)

[----------] Global test environment tear-down
[==========] 1 test from 1 test suite ran. (0 ms total)
[  PASSED  ] 0 tests.
[  FAILED  ] 1 test, listed below:
[  FAILED  ] DEMO_TEST_SUITE.TEST_CAR

 1 FAILED TEST
-- run_test.py: return code 1
-- run_test.py: inject classname prefix into gtest result file '/home/marhcouto/Documents/training/build/experiment1/test_results/experiment1/experiment1_test.gtest.xml'
-- run_test.py: verify result file '/home/marhcouto/Documents/training/build/experiment1/test_results/experiment1/experiment1_test.gtest.xml'
<end of output>
Test time =   0.12 sec
----------------------------------------------------------
Test Failed.
"experiment1_test" end time: Jan 29 19:17 WET
"experiment1_test" time elapsed: 00:00:00
----------------------------------------------------------

End testing: Jan 29 19:17 WET

gtest =   0.12 sec*proc

