[0.000000] (-) TimerEvent: {}
[0.000493] (experiment1) JobQueued: {'identifier': 'experiment1', 'dependencies': OrderedDict([('experiment1', '/home/marhcouto/Documents/training/install/experiment1')])}
[0.001877] (experiment1) JobStarted: {'identifier': 'experiment1'}
[0.080600] (experiment1) Command: {'cmd': ['/usr/bin/ctest', '-C', 'Release', '-D', 'ExperimentalTest', '--no-compress-output', '-V', '--force-new-ctest-process'], 'cwd': '/home/marhcouto/Documents/training/build/experiment1', 'env': OrderedDict([('LESSOPEN', '| /usr/bin/lesspipe %s'), ('USER', 'marhcouto'), ('SSH_CLIENT', '10.0.3.2 59878 22'), ('LC_TIME', 'pt_PT.UTF-8'), ('XDG_SESSION_TYPE', 'tty'), ('GIT_ASKPASS', '/home/marhcouto/.vscode-server/bin/97dec172d3256f8ca4bfb2143f3f76b503ca0534/extensions/git/dist/askpass.sh'), ('SHLVL', '2'), ('LD_LIBRARY_PATH', '/usr/lib/x86_64-linux-gnu/gazebo-11/plugins:/opt/ros/galactic/opt/yaml_cpp_vendor/lib:/opt/ros/galactic/opt/rviz_ogre_vendor/lib:/opt/ros/galactic/lib/x86_64-linux-gnu:/opt/ros/galactic/lib'), ('BROWSER', '/home/marhcouto/.vscode-server/bin/97dec172d3256f8ca4bfb2143f3f76b503ca0534/bin/helpers/browser.sh'), ('MOTD_SHOWN', 'pam'), ('HOME', '/home/marhcouto'), ('TERM_PROGRAM_VERSION', '1.74.3'), ('VSCODE_IPC_HOOK_CLI', '/run/user/1000/vscode-ipc-739eb470-f961-49fc-8512-27b6a7be0a4c.sock'), ('ROS_PYTHON_VERSION', '3'), ('VSCODE_GIT_ASKPASS_MAIN', '/home/marhcouto/.vscode-server/bin/97dec172d3256f8ca4bfb2143f3f76b503ca0534/extensions/git/dist/askpass-main.js'), ('LC_MONETARY', 'pt_PT.UTF-8'), ('VSCODE_GIT_ASKPASS_NODE', '/home/marhcouto/.vscode-server/bin/97dec172d3256f8ca4bfb2143f3f76b503ca0534/node'), ('LC_CTYPE', 'pt_PT.UTF-8'), ('DBUS_SESSION_BUS_ADDRESS', 'unix:path=/run/user/1000/bus'), ('COLORTERM', 'truecolor'), ('COLCON_PREFIX_PATH', '/home/marhcouto/Documents/training/install'), ('ROS_DISTRO', 'galactic'), ('LOGNAME', 'marhcouto'), ('EUFS_MASTER', '/home/marhcouto/Documents/eufs_sim'), ('_', '/usr/bin/colcon'), ('ROS_VERSION', '2'), ('XDG_SESSION_CLASS', 'user'), ('TERM', 'xterm-256color'), ('XDG_SESSION_ID', '4'), ('ROS_LOCALHOST_ONLY', '0'), ('PATH', '/home/marhcouto/.vscode-server/bin/97dec172d3256f8ca4bfb2143f3f76b503ca0534/bin/remote-cli:/opt/ros/galactic/bin:/usr/local/sbin:/usr/local/bin:/usr/sbin:/usr/bin:/sbin:/bin:/usr/games:/usr/local/games:/snap/bin'), ('LC_ADDRESS', 'pt_PT.UTF-8'), ('XDG_RUNTIME_DIR', '/run/user/1000'), ('LANG', 'en_US.UTF-8'), ('LC_TELEPHONE', 'pt_PT.UTF-8'), ('LS_COLORS', 'rs=0:di=01;34:ln=01;36:mh=00:pi=40;33:so=01;35:do=01;35:bd=40;33;01:cd=40;33;01:or=40;31;01:mi=00:su=37;41:sg=30;43:ca=30;41:tw=30;42:ow=34;42:st=37;44:ex=01;32:*.tar=01;31:*.tgz=01;31:*.arc=01;31:*.arj=01;31:*.taz=01;31:*.lha=01;31:*.lz4=01;31:*.lzh=01;31:*.lzma=01;31:*.tlz=01;31:*.txz=01;31:*.tzo=01;31:*.t7z=01;31:*.zip=01;31:*.z=01;31:*.dz=01;31:*.gz=01;31:*.lrz=01;31:*.lz=01;31:*.lzo=01;31:*.xz=01;31:*.zst=01;31:*.tzst=01;31:*.bz2=01;31:*.bz=01;31:*.tbz=01;31:*.tbz2=01;31:*.tz=01;31:*.deb=01;31:*.rpm=01;31:*.jar=01;31:*.war=01;31:*.ear=01;31:*.sar=01;31:*.rar=01;31:*.alz=01;31:*.ace=01;31:*.zoo=01;31:*.cpio=01;31:*.7z=01;31:*.rz=01;31:*.cab=01;31:*.wim=01;31:*.swm=01;31:*.dwm=01;31:*.esd=01;31:*.jpg=01;35:*.jpeg=01;35:*.mjpg=01;35:*.mjpeg=01;35:*.gif=01;35:*.bmp=01;35:*.pbm=01;35:*.pgm=01;35:*.ppm=01;35:*.tga=01;35:*.xbm=01;35:*.xpm=01;35:*.tif=01;35:*.tiff=01;35:*.png=01;35:*.svg=01;35:*.svgz=01;35:*.mng=01;35:*.pcx=01;35:*.mov=01;35:*.mpg=01;35:*.mpeg=01;35:*.m2v=01;35:*.mkv=01;35:*.webm=01;35:*.ogm=01;35:*.mp4=01;35:*.m4v=01;35:*.mp4v=01;35:*.vob=01;35:*.qt=01;35:*.nuv=01;35:*.wmv=01;35:*.asf=01;35:*.rm=01;35:*.rmvb=01;35:*.flc=01;35:*.avi=01;35:*.fli=01;35:*.flv=01;35:*.gl=01;35:*.dl=01;35:*.xcf=01;35:*.xwd=01;35:*.yuv=01;35:*.cgm=01;35:*.emf=01;35:*.ogv=01;35:*.ogx=01;35:*.aac=00;36:*.au=00;36:*.flac=00;36:*.m4a=00;36:*.mid=00;36:*.midi=00;36:*.mka=00;36:*.mp3=00;36:*.mpc=00;36:*.ogg=00;36:*.ra=00;36:*.wav=00;36:*.oga=00;36:*.opus=00;36:*.spx=00;36:*.xspf=00;36:'), ('VSCODE_GIT_IPC_HANDLE', '/run/user/1000/vscode-git-4d00b231e8.sock'), ('TERM_PROGRAM', 'vscode'), ('AMENT_PREFIX_PATH', '/home/marhcouto/Documents/training/install/experiment1:/opt/ros/galactic'), ('SHELL', '/bin/bash'), ('LC_NAME', 'pt_PT.UTF-8'), ('LESSCLOSE', '/usr/bin/lesspipe %s %s'), ('LC_MEASUREMENT', 'pt_PT.UTF-8'), ('LC_IDENTIFICATION', 'pt_PT.UTF-8'), ('VSCODE_GIT_ASKPASS_EXTRA_ARGS', ''), ('PWD', '/home/marhcouto/Documents/training/build/experiment1'), ('LC_ALL', 'en_US.UTF-8'), ('SSH_CONNECTION', '10.0.3.2 59878 10.0.3.15 22'), ('XDG_DATA_DIRS', '/usr/local/share:/usr/share:/var/lib/snapd/desktop'), ('PYTHONPATH', '/opt/ros/galactic/lib/python3.8/site-packages'), ('LC_NUMERIC', 'pt_PT.UTF-8'), ('LC_PAPER', 'pt_PT.UTF-8'), ('COLCON', '1'), ('CMAKE_PREFIX_PATH', '/home/marhcouto/Documents/training/install/experiment1')]), 'shell': False}
[0.097225] (experiment1) StdoutLine: {'line': b'UpdateCTestConfiguration  from :/home/marhcouto/Documents/training/build/experiment1/CTestConfiguration.ini\n'}
[0.097644] (experiment1) StdoutLine: {'line': b'Parse Config file:/home/marhcouto/Documents/training/build/experiment1/CTestConfiguration.ini\n'}
[0.097860] (experiment1) StdoutLine: {'line': b'   Site: marhcouto-VirtualBox\n'}
[0.097985] (experiment1) StdoutLine: {'line': b'   Build name: (empty)\n'}
[0.098170] (experiment1) StdoutLine: {'line': b' Add coverage exclude regular expressions.\n'}
[0.098284] (experiment1) StdoutLine: {'line': b'SetCTestConfiguration:CMakeCommand:/usr/bin/cmake\n'}
[0.098385] (experiment1) StdoutLine: {'line': b'Create new tag: 20230129-1917 - Experimental\n'}
[0.098565] (experiment1) StdoutLine: {'line': b'UpdateCTestConfiguration  from :/home/marhcouto/Documents/training/build/experiment1/CTestConfiguration.ini\n'}
[0.098671] (experiment1) StdoutLine: {'line': b'Parse Config file:/home/marhcouto/Documents/training/build/experiment1/CTestConfiguration.ini\n'}
[0.098845] (experiment1) StdoutLine: {'line': b'Test project /home/marhcouto/Documents/training/build/experiment1\n'}
[0.098971] (experiment1) StdoutLine: {'line': b'Constructing a list of tests\n'}
[0.099085] (experiment1) StdoutLine: {'line': b'Done constructing a list of tests\n'}
[0.099187] (-) TimerEvent: {}
[0.099437] (experiment1) StdoutLine: {'line': b'Updating test list for fixtures\n'}
[0.099588] (experiment1) StdoutLine: {'line': b'Added 0 tests to meet fixture requirements\n'}
[0.099697] (experiment1) StdoutLine: {'line': b'Checking test dependency graph...\n'}
[0.099799] (experiment1) StdoutLine: {'line': b'Checking test dependency graph end\n'}
[0.099905] (experiment1) StdoutLine: {'line': b'test 1\n'}
[0.100006] (experiment1) StdoutLine: {'line': b'    Start 1: experiment1_test\n'}
[0.100109] (experiment1) StdoutLine: {'line': b'\n'}
[0.100227] (experiment1) StdoutLine: {'line': b'1: Test command: /usr/bin/python3 "-u" "/opt/ros/galactic/share/ament_cmake_test/cmake/run_test.py" "/home/marhcouto/Documents/training/build/experiment1/test_results/experiment1/experiment1_test.gtest.xml" "--package-name" "experiment1" "--output-file" "/home/marhcouto/Documents/training/build/experiment1/ament_cmake_gtest/experiment1_test.txt" "--command" "/home/marhcouto/Documents/training/build/experiment1/experiment1_test" "--gtest_output=xml:/home/marhcouto/Documents/training/build/experiment1/test_results/experiment1/experiment1_test.gtest.xml"\n'}
[0.100342] (experiment1) StdoutLine: {'line': b'1: Test timeout computed to be: 60\n'}
[0.197400] (experiment1) StdoutLine: {'line': b"1: -- run_test.py: invoking following command in '/home/marhcouto/Documents/training/build/experiment1':\n"}
[0.197766] (experiment1) StdoutLine: {'line': b'1:  - /home/marhcouto/Documents/training/build/experiment1/experiment1_test --gtest_output=xml:/home/marhcouto/Documents/training/build/experiment1/test_results/experiment1/experiment1_test.gtest.xml\n'}
[0.199415] (-) TimerEvent: {}
[0.200806] (experiment1) StdoutLine: {'line': b'1: [==========] Running 1 test from 1 test suite.\n'}
[0.201134] (experiment1) StdoutLine: {'line': b'1: [----------] Global test environment set-up.\n'}
[0.201351] (experiment1) StdoutLine: {'line': b'1: [----------] 1 test from DEMO_TEST_SUITE\n'}
[0.201583] (experiment1) StdoutLine: {'line': b'1: [ RUN      ] DEMO_TEST_SUITE.TEST_CAR\n'}
[0.201897] (experiment1) StdoutLine: {'line': b'1: /home/marhcouto/Documents/training/experiment1/test/car_test.cpp:4: Failure\n'}
[0.202275] (experiment1) StdoutLine: {'line': b'1: Value of: false\n'}
[0.202543] (experiment1) StdoutLine: {'line': b'1:   Actual: false\n'}
[0.202759] (experiment1) StdoutLine: {'line': b'1: Expected: true\n'}
[0.202989] (experiment1) StdoutLine: {'line': b'1: [  FAILED  ] DEMO_TEST_SUITE.TEST_CAR (0 ms)\n'}
[0.203239] (experiment1) StdoutLine: {'line': b'1: [----------] 1 test from DEMO_TEST_SUITE (0 ms total)\n'}
[0.203553] (experiment1) StdoutLine: {'line': b'1: \n'}
[0.203862] (experiment1) StdoutLine: {'line': b'1: [----------] Global test environment tear-down\n'}
[0.204205] (experiment1) StdoutLine: {'line': b'1: [==========] 1 test from 1 test suite ran. (0 ms total)\n'}
[0.207563] (experiment1) StdoutLine: {'line': b'1: [  PASSED  ] 0 tests.\n'}
[0.207952] (experiment1) StdoutLine: {'line': b'1: [  FAILED  ] 1 test, listed below:\n'}
[0.208214] (experiment1) StdoutLine: {'line': b'1: [  FAILED  ] DEMO_TEST_SUITE.TEST_CAR\n'}
[0.208466] (experiment1) StdoutLine: {'line': b'1: \n'}
[0.208686] (experiment1) StdoutLine: {'line': b'1:  1 FAILED TEST\n'}
[0.208919] (experiment1) StdoutLine: {'line': b'1: -- run_test.py: return code 1\n'}
[0.209178] (experiment1) StdoutLine: {'line': b"1: -- run_test.py: inject classname prefix into gtest result file '/home/marhcouto/Documents/training/build/experiment1/test_results/experiment1/experiment1_test.gtest.xml'\n"}
[0.209480] (experiment1) StdoutLine: {'line': b"1: -- run_test.py: verify result file '/home/marhcouto/Documents/training/build/experiment1/test_results/experiment1/experiment1_test.gtest.xml'\n"}
[0.225935] (experiment1) StdoutLine: {'line': b'1/1 Test #1: experiment1_test .................***Failed    0.12 sec\n'}
[0.226883] (experiment1) StdoutLine: {'line': b'\n'}
[0.227169] (experiment1) StdoutLine: {'line': b'0% tests passed\x1b[0;0m, \x1b[0;31m1 tests failed\x1b[0;0m out of 1\n'}
[0.227398] (experiment1) StdoutLine: {'line': b'\n'}
[0.227615] (experiment1) StdoutLine: {'line': b'Label Time Summary:\n'}
[0.227846] (experiment1) StdoutLine: {'line': b'gtest    =   0.12 sec*proc (1 test)\n'}
[0.228082] (experiment1) StdoutLine: {'line': b'\n'}
[0.228331] (experiment1) StdoutLine: {'line': b'Total Test time (real) =   0.12 sec\n'}
[0.228618] (experiment1) StdoutLine: {'line': b'\n'}
[0.228906] (experiment1) StdoutLine: {'line': b'The following tests FAILED:\n'}
[0.229174] (experiment1) StdoutLine: {'line': b'\t\x1b[0;31m  1 - experiment1_test (Failed)\x1b[0;0m\n'}
[0.229445] (experiment1) StderrLine: {'line': b'Errors while running CTest\n'}
[0.229776] (experiment1) CommandEnded: {'returncode': 8}
[0.230502] (experiment1) TestFailure: {'identifier': 'experiment1'}
[0.230567] (experiment1) JobEnded: {'identifier': 'experiment1', 'rc': 0}
[0.231357] (-) EventReactorShutdown: {}
