-- Found ament_cmake: 1.1.6 (/opt/ros/galactic/share/ament_cmake/cmake)
-- Using PYTHON_EXECUTABLE: /usr/bin/python3
-- Found ament_lint_auto: 0.10.7 (/opt/ros/galactic/share/ament_lint_auto/cmake)
-- Added test 'copyright' to check source files copyright and LICENSE
-- Added test 'cppcheck' to perform static code analysis on C / C++ code
-- Configured cppcheck include dirs: $<BUILD_INTERFACE:/home/marhcouto/Documents/training/experiment1/include>
-- Configured cppcheck exclude dirs and/or files: 
-- Added test 'cpplint' to check C / C++ code against the Google style
-- Configured cpplint exclude dirs and/or files: 
-- Added test 'lint_cmake' to check CMake code style
-- Added test 'uncrustify' to check C / C++ code style
-- Configured uncrustify additional arguments: 
-- Added test 'xmllint' to check XML markup files
-- Configuring done
-- Generating done
-- Build files have been written to: /home/marhcouto/Documents/training/build/experiment1
[35m[1mScanning dependencies of target node1[0m
[35m[1mScanning dependencies of target experiment1[0m
[ 25%] [32mBuilding CXX object CMakeFiles/node1.dir/src/node1.cpp.o[0m
[ 50%] [32mBuilding CXX object CMakeFiles/experiment1.dir/src/Car.cpp.o[0m
[ 75%] [32m[1mLinking CXX executable node1[0m
[01m[K/home/marhcouto/Documents/training/experiment1/src/Car.cpp:3:10:[m[K [01;31m[Kfatal error: [m[KCar.h: No such file or directory
    3 | #include [01;31m[K"Car.h"[m[K
      |          [01;31m[K^~~~~~~[m[K
compilation terminated.
make[2]: *** [CMakeFiles/experiment1.dir/build.make:63: CMakeFiles/experiment1.dir/src/Car.cpp.o] Error 1
make[1]: *** [CMakeFiles/Makefile2:80: CMakeFiles/experiment1.dir/all] Error 2
make[1]: *** Waiting for unfinished jobs....
/usr/bin/ld: CMakeFiles/node1.dir/src/node1.cpp.o: in function `main':
node1.cpp:(.text+0x41): undefined reference to `Car::Car(int, int)'
/usr/bin/ld: node1.cpp:(.text+0x4d): undefined reference to `Car::use_horn()'
/usr/bin/ld: node1.cpp:(.text+0x5e): undefined reference to `Car::~Car()'
/usr/bin/ld: node1.cpp:(.text+0x84): undefined reference to `Car::~Car()'
collect2: error: ld returned 1 exit status
make[2]: *** [CMakeFiles/node1.dir/build.make:84: node1] Error 1
make[1]: *** [CMakeFiles/Makefile2:107: CMakeFiles/node1.dir/all] Error 2
make: *** [Makefile:141: all] Error 2
